----------------------------------------
Timestamp: 2017/12/14 6:15:03
 [Machine]     KEY-PC         
 [App Domain]  adcemr
 [Sql Scripts]
 select * from tempusers where userid='003322'
----------------------------------------
----------------------------------------
Timestamp: 2017/12/14 6:15:03
 [Machine]     KEY-PC         
 [App Domain]  adcemr
 [Sql Scripts]
 exec EMRPROC.usp_GetUserAccount v_id = '003322' , o_result output
----------------------------------------
----------------------------------------
Timestamp: 2017/12/14 6:15:03
 [Machine]     KEY-PC         
 [App Domain]  adcemr
 [Sql Scripts]
 exec EMRPROC.usp_GetUserDeptAndWard v_UserID = '003322' , o_result output
----------------------------------------
----------------------------------------
Timestamp: 2017/12/14 6:15:05
 [Machine]     KEY-PC         
 [App Domain]  adcemr
 [Sql Scripts]
 select * from tempusers where userid='003322'
----------------------------------------
----------------------------------------
Timestamp: 2017/12/14 6:15:05
 [Machine]     KEY-PC         
 [App Domain]  adcemr
 [Sql Scripts]
 exec EMRPROC.usp_GetUserAccount v_id = '003322' , o_result output
----------------------------------------
----------------------------------------
Timestamp: 2017/12/14 6:15:05
 [Machine]     KEY-PC         
 [App Domain]  adcemr
 [Sql Scripts]
 exec EMRPROC.usp_GetUserDeptAndWard v_UserID = '003322' , o_result output
----------------------------------------
----------------------------------------
Timestamp: 2017/12/14 6:15:05
 [Machine]     KEY-PC         
 [App Domain]  adcemr
 [Sql Scripts]
 select b.Id, a.Moduleid, a.Modulename, a.Functionid, a.Functionname                                                ,b.Title from Job2Permission a right join Jobs b on a.ID=b.Id                                              where a.ID=b.Id and a.id in('55')                                              order by a.ID, a.Moduleid, a.Functionid
----------------------------------------
----------------------------------------
Timestamp: 2017/12/14 6:15:05
 [Machine]     KEY-PC         
 [App Domain]  adcemr
 [Sql Scripts]
 select Configkey, Name,Value,Descript,ParamType ,Design,Valid,Hide from APPCFG where Configkey='SYSLOCKTIME' and Valid=1
----------------------------------------
----------------------------------------
Timestamp: 2017/12/14 6:15:05
 [Machine]     KEY-PC         
 [App Domain]  adcemr
 [Sql Scripts]
 select Configkey, Name,Value,Descript,ParamType ,Design,Valid,Hide from APPCFG where Configkey='MainFormLayout' and Valid=1
----------------------------------------
----------------------------------------
Timestamp: 2017/12/14 6:15:06
 [Machine]     KEY-PC         
 [App Domain]  adcemr
 [Sql Scripts]
 SELECT SYSDATE FROM DUAL
----------------------------------------
----------------------------------------
Timestamp: 2017/12/14 6:15:06
 [Machine]     KEY-PC         
 [App Domain]  adcemr
 [Sql Scripts]
 SELECT SYSDATE FROM DUAL
----------------------------------------
----------------------------------------
Timestamp: 2017/12/14 6:15:06
 [Machine]     KEY-PC         
 [App Domain]  adcemr
 [Sql Scripts]
 select Chinese,  py,  wb from CCLIB
----------------------------------------
----------------------------------------
Timestamp: 2017/12/14 6:15:07
 [Machine]     KEY-PC         
 [App Domain]  adcemr
 [Sql Scripts]
 select Configkey, Name,Value,Descript,ParamType ,Design,Valid,Hide from APPCFG where Configkey='IsOpenMessageWindow' and Valid=1
----------------------------------------
----------------------------------------
Timestamp: 2017/12/14 6:15:07
 [Machine]     KEY-PC         
 [App Domain]  adcemr
 [Sql Scripts]
 select Configkey, Name,Value,Descript,ParamType ,Design,Valid,Hide from APPCFG where Configkey='IsShowNewCenter' and Valid=1
----------------------------------------
----------------------------------------
Timestamp: 2017/12/14 6:15:07
 [Machine]     KEY-PC         
 [App Domain]  adcemr
 [Sql Scripts]
 select * from appcfg where configkey = 'MainTitleText'
----------------------------------------
----------------------------------------
Timestamp: 2017/12/14 6:15:07
 [Machine]     KEY-PC         
 [App Domain]  adcemr
 [Sql Scripts]
 select * from appcfg where configkey = 'ConsultAuditConfig'
----------------------------------------
----------------------------------------
Timestamp: 2017/12/14 6:15:08
 [Machine]     KEY-PC         
 [App Domain]  adcemr
 [Sql Scripts]
 select Configkey, Name,Value,Descript,ParamType ,Design,Valid,Hide from APPCFG where Configkey='ChangeWardLookAllWard' and Valid=1
----------------------------------------
----------------------------------------
Timestamp: 2017/12/14 6:15:08
 [Machine]     KEY-PC         
 [App Domain]  adcemr
 [Sql Scripts]
 select id from jobs
----------------------------------------
----------------------------------------
Timestamp: 2017/12/14 6:15:08
 [Machine]     KEY-PC         
 [App Domain]  adcemr
 [Sql Scripts]
 select power,deptorward from users where id ='003322'
----------------------------------------
----------------------------------------
Timestamp: 2017/12/14 6:15:08
 [Machine]     KEY-PC         
 [App Domain]  adcemr
 [Sql Scripts]
 select *                                                       from (SELECT a.id || b.id FLOWID,                                                    a.id DEPTID,                                                    b.id WARDID,                                                    a.name DEPTNAME,                                                    b.name WardName                                                FROM department a, ward b, dept2ward c                                                WHERE a.id = c.deptid                                                and b.id = c.wardid                                                and a.valid = '1'                                                and b.valid = '1'                                                and a.id in (2102,20158,2108) ORDER BY a.name)                                                union                                                 select *                                                    from (SELECT a.id || b.id FLOWID,                                                    a.id DEPTID,                                                    b.id WARDID,                                                    a.name DEPTNAME,                                                    b.name WardName                                                FROM department a, ward b, dept2ward c                                                WHERE a.id = c.deptid                                                and b.id = c.wardid                                                and a.valid = '1'                                                and b.valid = '1'                                                and b.id in (2102,20158,2108) ORDER BY a.name)
----------------------------------------
----------------------------------------
Timestamp: 2017/12/14 6:15:09
 [Machine]     KEY-PC         
 [App Domain]  adcemr
 [Sql Scripts]
 select Chinese,  py,  wb from CCLIB
----------------------------------------
----------------------------------------
Timestamp: 2017/12/14 6:17:05
 [Machine]     KEY-PC         
 [App Domain]  adcemr
 [Sql Scripts]
 select Configkey, Name,Value,Descript,ParamType ,Design,Valid,Hide from APPCFG where Configkey='ChangeWardLookAllWard' and Valid=1
----------------------------------------
----------------------------------------
Timestamp: 2017/12/14 6:17:05
 [Machine]     KEY-PC         
 [App Domain]  adcemr
 [Sql Scripts]
 select id from jobs
----------------------------------------
----------------------------------------
Timestamp: 2017/12/14 6:17:05
 [Machine]     KEY-PC         
 [App Domain]  adcemr
 [Sql Scripts]
 select power,deptorward from users where id ='003322'
----------------------------------------
----------------------------------------
Timestamp: 2017/12/14 6:17:05
 [Machine]     KEY-PC         
 [App Domain]  adcemr
 [Sql Scripts]
 select *                                                       from (SELECT a.id || b.id FLOWID,                                                    a.id DEPTID,                                                    b.id WARDID,                                                    a.name DEPTNAME,                                                    b.name WardName                                                FROM department a, ward b, dept2ward c                                                WHERE a.id = c.deptid                                                and b.id = c.wardid                                                and a.valid = '1'                                                and b.valid = '1'                                                and a.id in (2102) ORDER BY a.name)                                                union                                                 select *                                                    from (SELECT a.id || b.id FLOWID,                                                    a.id DEPTID,                                                    b.id WARDID,                                                    a.name DEPTNAME,                                                    b.name WardName                                                FROM department a, ward b, dept2ward c                                                WHERE a.id = c.deptid                                                and b.id = c.wardid                                                and a.valid = '1'                                                and b.valid = '1'                                                and b.id in (2102) ORDER BY a.name)
----------------------------------------
----------------------------------------
Timestamp: 2017/12/14 6:19:24
 [Machine]     KEY-PC         
 [App Domain]  adcemr
 [Sql Scripts]
 select Configkey, Name,Value,Descript,ParamType ,Design,Valid,Hide from APPCFG where Configkey='ChangeWardLookAllWard' and Valid=1
----------------------------------------
----------------------------------------
Timestamp: 2017/12/14 6:19:24
 [Machine]     KEY-PC         
 [App Domain]  adcemr
 [Sql Scripts]
 select id from jobs
----------------------------------------
----------------------------------------
Timestamp: 2017/12/14 6:19:24
 [Machine]     KEY-PC         
 [App Domain]  adcemr
 [Sql Scripts]
 select power,deptorward from users where id ='003322'
----------------------------------------
----------------------------------------
Timestamp: 2017/12/14 6:19:24
 [Machine]     KEY-PC         
 [App Domain]  adcemr
 [Sql Scripts]
 select *                                                       from (SELECT a.id || b.id FLOWID,                                                    a.id DEPTID,                                                    b.id WARDID,                                                    a.name DEPTNAME,                                                    b.name WardName                                                FROM department a, ward b, dept2ward c                                                WHERE a.id = c.deptid                                                and b.id = c.wardid                                                and a.valid = '1'                                                and b.valid = '1'                                                and a.id in (2102,1101) ORDER BY a.name)                                                union                                                 select *                                                    from (SELECT a.id || b.id FLOWID,                                                    a.id DEPTID,                                                    b.id WARDID,                                                    a.name DEPTNAME,                                                    b.name WardName                                                FROM department a, ward b, dept2ward c                                                WHERE a.id = c.deptid                                                and b.id = c.wardid                                                and a.valid = '1'                                                and b.valid = '1'                                                and b.id in (2102,1101) ORDER BY a.name)
----------------------------------------
